<?xml version="1.0" encoding="UTF-8"?>
<!-- Generated by org.testng.reporters.JUnitXMLReporter -->
<testsuite ignored="0" hostname="DESKTOP-KMSC2NJ" failures="0" tests="6" name="Default test" time="4.666" errors="0" timestamp="2023-10-02T00:31:24 IST">
  <testcase classname="DynamicJsonLibrary" name="addBook" time="3.787"/>
  <testcase classname="DynamicJsonLibrary" name="addBook" time="0.141"/>
  <testcase classname="DynamicJsonLibrary" name="addBook" time="0.138"/>
  <testcase classname="DynamicJsonLibrary" name="deleteAPI" time="0.149"/>
  <testcase classname="DynamicJsonLibrary" name="deleteAPI" time="0.117"/>
  <testcase classname="DynamicJsonLibrary" name="deleteAPI" time="0.126"/>
</testsuite> <!-- Default test -->
