<?xml version="1.0" encoding="UTF-8"?>
<testng-results ignored="0" total="6" passed="6" failed="0" skipped="0">
  <reporter-output>
  </reporter-output>
  <suite started-at="2023-10-02T00:31:19 IST" name="Default suite" finished-at="2023-10-02T00:31:24 IST" duration-ms="4666">
    <groups>
    </groups>
    <test started-at="2023-10-02T00:31:19 IST" name="Default test" finished-at="2023-10-02T00:31:24 IST" duration-ms="4666">
      <class name="DynamicJsonLibrary">
        <test-method signature="addBook(java.lang.String,java.lang.String)[pri:0, instance:DynamicJsonLibrary@6da21078]" started-at="2023-10-02T00:31:20 IST" name="addBook" data-provider="Book Details" finished-at="2023-10-02T00:31:23 IST" duration-ms="3787" status="PASS">
          <params>
            <param index="0">
              <value>
                <![CDATA[shsh]]>
              </value>
            </param>
            <param index="1">
              <value>
                <![CDATA[0213]]>
              </value>
            </param>
          </params>
          <reporter-output>
          </reporter-output>
        </test-method> <!-- addBook -->
        <test-method signature="addBook(java.lang.String,java.lang.String)[pri:0, instance:DynamicJsonLibrary@6da21078]" started-at="2023-10-02T00:31:23 IST" name="addBook" data-provider="Book Details" finished-at="2023-10-02T00:31:24 IST" duration-ms="141" status="PASS">
          <params>
            <param index="0">
              <value>
                <![CDATA[iwiw]]>
              </value>
            </param>
            <param index="1">
              <value>
                <![CDATA[3134]]>
              </value>
            </param>
          </params>
          <reporter-output>
          </reporter-output>
        </test-method> <!-- addBook -->
        <test-method signature="addBook(java.lang.String,java.lang.String)[pri:0, instance:DynamicJsonLibrary@6da21078]" started-at="2023-10-02T00:31:24 IST" name="addBook" data-provider="Book Details" finished-at="2023-10-02T00:31:24 IST" duration-ms="138" status="PASS">
          <params>
            <param index="0">
              <value>
                <![CDATA[laks]]>
              </value>
            </param>
            <param index="1">
              <value>
                <![CDATA[1243]]>
              </value>
            </param>
          </params>
          <reporter-output>
          </reporter-output>
        </test-method> <!-- addBook -->
        <test-method signature="deleteAPI(java.lang.String,java.lang.String)[pri:0, instance:DynamicJsonLibrary@6da21078]" started-at="2023-10-02T00:31:24 IST" name="deleteAPI" data-provider="Book Details" finished-at="2023-10-02T00:31:24 IST" duration-ms="149" status="PASS">
          <params>
            <param index="0">
              <value>
                <![CDATA[shsh]]>
              </value>
            </param>
            <param index="1">
              <value>
                <![CDATA[0213]]>
              </value>
            </param>
          </params>
          <reporter-output>
          </reporter-output>
        </test-method> <!-- deleteAPI -->
        <test-method signature="deleteAPI(java.lang.String,java.lang.String)[pri:0, instance:DynamicJsonLibrary@6da21078]" started-at="2023-10-02T00:31:24 IST" name="deleteAPI" data-provider="Book Details" finished-at="2023-10-02T00:31:24 IST" duration-ms="117" status="PASS">
          <params>
            <param index="0">
              <value>
                <![CDATA[iwiw]]>
              </value>
            </param>
            <param index="1">
              <value>
                <![CDATA[3134]]>
              </value>
            </param>
          </params>
          <reporter-output>
          </reporter-output>
        </test-method> <!-- deleteAPI -->
        <test-method signature="deleteAPI(java.lang.String,java.lang.String)[pri:0, instance:DynamicJsonLibrary@6da21078]" started-at="2023-10-02T00:31:24 IST" name="deleteAPI" data-provider="Book Details" finished-at="2023-10-02T00:31:24 IST" duration-ms="126" status="PASS">
          <params>
            <param index="0">
              <value>
                <![CDATA[laks]]>
              </value>
            </param>
            <param index="1">
              <value>
                <![CDATA[1243]]>
              </value>
            </param>
          </params>
          <reporter-output>
          </reporter-output>
        </test-method> <!-- deleteAPI -->
      </class> <!-- DynamicJsonLibrary -->
    </test> <!-- Default test -->
  </suite> <!-- Default suite -->
</testng-results>
